0 info it worked if it ends with ok
1 verbose cli [ 'D:\\node\\node.exe',
1 verbose cli   'D:\\node\\node_modules\\npm\\bin\\npm-cli.js',
1 verbose cli   'run',
1 verbose cli   'server' ]
2 info using npm@4.1.2
3 info using node@v7.6.0
4 verbose run-script [ 'preserver', 'server', 'postserver' ]
5 info lifecycle webpack-demo@1.0.0~preserver: webpack-demo@1.0.0
6 silly lifecycle webpack-demo@1.0.0~preserver: no script for preserver, continuing
7 info lifecycle webpack-demo@1.0.0~server: webpack-demo@1.0.0
8 verbose lifecycle webpack-demo@1.0.0~server: unsafe-perm in lifecycle true
9 verbose lifecycle webpack-demo@1.0.0~server: PATH: D:\node\node_modules\npm\bin\node-gyp-bin;E:\demo\webpack-demo\node_modules\.bin;C:\Python27\;C:\Python27\Scripts;C:\Program Files (x86)\Common Files\Intel\Shared Files\cpp\bin\Intel64;C:\Program Files\Broadcom\Broadcom 802.11 Network Adapter;C:\Program Files (x86)\Intel\iCLS Client\;C:\Program Files\Intel\iCLS Client\;C:\WINDOWS\system32;C:\WINDOWS;C:\WINDOWS\System32\Wbem;C:\WINDOWS\System32\WindowsPowerShell\v1.0\;C:\Program Files (x86)\Intel\Intel(R) Management Engine Components\DAL;C:\Program Files\Intel\Intel(R) Management Engine Components\DAL;C:\Program Files (x86)\Intel\Intel(R) Management Engine Components\IPT;C:\Program Files\Intel\Intel(R) Management Engine Components\IPT;C:\Program Files (x86)\ATI Technologies\ATI.ACE\Core-Static;C:\Program Files\TortoiseSVN\bin;D:\Git\cmd;D:\Java\jdk1.7.0_51\bin;D:\Java\jdk1.7.0_51\jre\bin;D:\node\;D:\sheel;C:\Users\yy\AppData\Roaming\npm;%USERPROFILE%\AppData\Local\Microsoft\WindowsApps;;D:\Fiddler
10 verbose lifecycle webpack-demo@1.0.0~server: CWD: E:\demo\webpack-demo
11 silly lifecycle webpack-demo@1.0.0~server: Args: [ '/d /s /c', 'webpack-dev-server --open' ]
12 silly lifecycle webpack-demo@1.0.0~server: Returned: code: 1  signal: null
13 info lifecycle webpack-demo@1.0.0~server: Failed to exec server script
14 verbose stack Error: webpack-demo@1.0.0 server: `webpack-dev-server --open`
14 verbose stack Exit status 1
14 verbose stack     at EventEmitter.<anonymous> (D:\node\node_modules\npm\lib\utils\lifecycle.js:279:16)
14 verbose stack     at emitTwo (events.js:106:13)
14 verbose stack     at EventEmitter.emit (events.js:192:7)
14 verbose stack     at ChildProcess.<anonymous> (D:\node\node_modules\npm\lib\utils\spawn.js:40:14)
14 verbose stack     at emitTwo (events.js:106:13)
14 verbose stack     at ChildProcess.emit (events.js:192:7)
14 verbose stack     at maybeClose (internal/child_process.js:890:16)
14 verbose stack     at Process.ChildProcess._handle.onexit (internal/child_process.js:226:5)
15 verbose pkgid webpack-demo@1.0.0
16 verbose cwd E:\demo\webpack-demo
17 error Windows_NT 10.0.14393
18 error argv "D:\\node\\node.exe" "D:\\node\\node_modules\\npm\\bin\\npm-cli.js" "run" "server"
19 error node v7.6.0
20 error npm  v4.1.2
21 error code ELIFECYCLE
22 error webpack-demo@1.0.0 server: `webpack-dev-server --open`
22 error Exit status 1
23 error Failed at the webpack-demo@1.0.0 server script 'webpack-dev-server --open'.
23 error Make sure you have the latest version of node.js and npm installed.
23 error If you do, this is most likely a problem with the webpack-demo package,
23 error not with npm itself.
23 error Tell the author that this fails on your system:
23 error     webpack-dev-server --open
23 error You can get information on how to open an issue for this project with:
23 error     npm bugs webpack-demo
23 error Or if that isn't available, you can get their info via:
23 error     npm owner ls webpack-demo
23 error There is likely additional logging output above.
24 verbose exit [ 1, true ]
